Release 14.7 - xst P.20131013 (nt)
Copyright (c) 1995-2013 Xilinx, Inc.  All rights reserved.
--> Parameter TMPDIR set to xst/projnav.tmp


Total REAL time to Xst completion: 0.00 secs
Total CPU time to Xst completion: 0.06 secs
 
--> Parameter xsthdpdir set to xst


Total REAL time to Xst completion: 0.00 secs
Total CPU time to Xst completion: 0.06 secs
 
--> Reading design: Display_num.prj

TABLE OF CONTENTS
  1) Synthesis Options Summary
  2) HDL Compilation
  3) Design Hierarchy Analysis
  4) HDL Analysis
  5) HDL Synthesis
     5.1) HDL Synthesis Report
  6) Advanced HDL Synthesis
     6.1) Advanced HDL Synthesis Report
  7) Low Level Synthesis
  8) Partition Report
  9) Final Report
	9.1) Device utilization summary
	9.2) Partition Resource Summary
	9.3) TIMING REPORT


=========================================================================
*                      Synthesis Options Summary                        *
=========================================================================
---- Source Parameters
Input File Name                    : "Display_num.prj"
Input Format                       : mixed
Ignore Synthesis Constraint File   : NO

---- Target Parameters
Output File Name                   : "Display_num"
Output Format                      : NGC
Target Device                      : xc3s100e-4-cp132

---- Source Options
Top Module Name                    : Display_num
Automatic FSM Extraction           : YES
FSM Encoding Algorithm             : Auto
Safe Implementation                : No
FSM Style                          : LUT
RAM Extraction                     : Yes
RAM Style                          : Auto
ROM Extraction                     : Yes
Mux Style                          : Auto
Decoder Extraction                 : YES
Priority Encoder Extraction        : Yes
Shift Register Extraction          : YES
Logical Shifter Extraction         : YES
XOR Collapsing                     : YES
ROM Style                          : Auto
Mux Extraction                     : Yes
Resource Sharing                   : YES
Asynchronous To Synchronous        : NO
Multiplier Style                   : Auto
Automatic Register Balancing       : No

---- Target Options
Add IO Buffers                     : YES
Global Maximum Fanout              : 500
Add Generic Clock Buffer(BUFG)     : 24
Register Duplication               : YES
Slice Packing                      : YES
Optimize Instantiated Primitives   : NO
Use Clock Enable                   : Yes
Use Synchronous Set                : Yes
Use Synchronous Reset              : Yes
Pack IO Registers into IOBs        : Auto
Equivalent register Removal        : YES

---- General Options
Optimization Goal                  : Speed
Optimization Effort                : 1
Keep Hierarchy                     : No
Netlist Hierarchy                  : As_Optimized
RTL Output                         : Yes
Global Optimization                : AllClockNets
Read Cores                         : YES
Write Timing Constraints           : NO
Cross Clock Analysis               : NO
Hierarchy Separator                : /
Bus Delimiter                      : <>
Case Specifier                     : Maintain
Slice Utilization Ratio            : 100
BRAM Utilization Ratio             : 100
Verilog 2001                       : YES
Auto BRAM Packing                  : NO
Slice Utilization Ratio Delta      : 5

=========================================================================


=========================================================================
*                          HDL Compilation                              *
=========================================================================
Compiling verilog file "Display_num.v" in library work
Module <Display_num> compiled
No errors in compilation
Analysis of file <"Display_num.prj"> succeeded.
 

=========================================================================
*                     Design Hierarchy Analysis                         *
=========================================================================
Analyzing hierarchy for module <Display_num> in library <work>.


=========================================================================
*                            HDL Analysis                               *
=========================================================================
Analyzing top module <Display_num>.
Module <Display_num> is correct for synthesis.
 

=========================================================================
*                           HDL Synthesis                               *
=========================================================================

Performing bidirectional port resolution...

Synthesizing Unit <Display_num>.
    Related source file is "Display_num.v".
    Found 4-bit up counter for signal <an_enable>.
    Found 27-bit up counter for signal <clk_divide>.
    Summary:
	inferred   2 Counter(s).
Unit <Display_num> synthesized.


=========================================================================
HDL Synthesis Report

Macro Statistics
# Counters                                             : 2
 27-bit up counter                                     : 1
 4-bit up counter                                      : 1

=========================================================================

=========================================================================
*                       Advanced HDL Synthesis                          *
=========================================================================


=========================================================================
Advanced HDL Synthesis Report

Macro Statistics
# Counters                                             : 2
 27-bit up counter                                     : 1
 4-bit up counter                                      : 1

=========================================================================

=========================================================================
*                         Low Level Synthesis                           *
=========================================================================

Optimizing unit <Display_num> ...

Mapping all equations...
Building and optimizing final netlist ...
Found area constraint ratio of 100 (+ 5) on block Display_num, actual ratio is 1.

Final Macro Processing ...

=========================================================================
Final Register Report

Macro Statistics
# Registers                                            : 31
 Flip-Flops                                            : 31

=========================================================================

=========================================================================
*                           Partition Report                            *
=========================================================================

Partition Implementation Status
-------------------------------

  No Partitions were found in this design.

-------------------------------

=========================================================================
*                            Final Report                               *
=========================================================================
Final Results
RTL Top Level Output File Name     : Display_num.ngr
Top Level Output File Name         : Display_num
Output Format                      : NGC
Optimization Goal                  : Speed
Keep Hierarchy                     : No

Design Statistics
# IOs                              : 13

Cell Usage :
# BELS                             : 87
#      GND                         : 1
#      INV                         : 3
#      LUT1                        : 26
#      LUT2                        : 1
#      LUT3                        : 1
#      LUT4                        : 1
#      MUXCY                       : 26
#      VCC                         : 1
#      XORCY                       : 27
# FlipFlops/Latches                : 31
#      FD                          : 27
#      FDE                         : 4
# Clock Buffers                    : 1
#      BUFGP                       : 1
# IO Buffers                       : 12
#      IBUF                        : 1
#      OBUF                        : 11
=========================================================================

Device utilization summary:
---------------------------

Selected Device : 3s100ecp132-4 

 Number of Slices:                       17  out of    960     1%  
 Number of Slice Flip Flops:             31  out of   1920     1%  
 Number of 4 input LUTs:                 32  out of   1920     1%  
 Number of IOs:                          13
 Number of bonded IOBs:                  13  out of     83    15%  
 Number of GCLKs:                         1  out of     24     4%  

---------------------------
Partition Resource Summary:
---------------------------

  No Partitions were found in this design.

---------------------------


=========================================================================
TIMING REPORT

NOTE: THESE TIMING NUMBERS ARE ONLY A SYNTHESIS ESTIMATE.
      FOR ACCURATE TIMING INFORMATION PLEASE REFER TO THE TRACE REPORT
      GENERATED AFTER PLACE-and-ROUTE.

Clock Information:
------------------
-----------------------------------+------------------------+-------+
Clock Signal                       | Clock buffer(FF name)  | Load  |
-----------------------------------+------------------------+-------+
clk                                | BUFGP                  | 27    |
clk_divide_26                      | NONE(an_enable_0)      | 4     |
-----------------------------------+------------------------+-------+
INFO:Xst:2169 - HDL ADVISOR - Some clock signals were not automatically buffered by XST with BUFG/BUFR resources. Please use the buffer_type constraint in order to insert these buffers to the clock signals to help prevent skew problems.

Asynchronous Control Signals Information:
----------------------------------------
No asynchronous control signals found in this design

Timing Summary:
---------------
Speed Grade: -4

   Minimum period: 4.882ns (Maximum Frequency: 204.834MHz)
   Minimum input arrival time before clock: 3.484ns
   Maximum output required time after clock: 4.496ns
   Maximum combinational path delay: No path found

Timing Detail:
--------------
All values displayed in nanoseconds (ns)

=========================================================================
Timing constraint: Default period analysis for Clock 'clk'
  Clock period: 4.882ns (frequency: 204.834MHz)
  Total number of paths / destination ports: 378 / 27
-------------------------------------------------------------------------
Delay:               4.882ns (Levels of Logic = 27)
  Source:            clk_divide_1 (FF)
  Destination:       clk_divide_26 (FF)
  Source Clock:      clk rising
  Destination Clock: clk rising

  Data Path: clk_divide_1 to clk_divide_26
                                Gate     Net
    Cell:in->out      fanout   Delay   Delay  Logical Name (Net Name)
    ----------------------------------------  ------------
     FD:C->Q               1   0.591   0.595  clk_divide_1 (clk_divide_1)
     LUT1:I0->O            1   0.704   0.000  Mcount_clk_divide_cy<1>_rt (Mcount_clk_divide_cy<1>_rt)
     MUXCY:S->O            1   0.464   0.000  Mcount_clk_divide_cy<1> (Mcount_clk_divide_cy<1>)
     MUXCY:CI->O           1   0.059   0.000  Mcount_clk_divide_cy<2> (Mcount_clk_divide_cy<2>)
     MUXCY:CI->O           1   0.059   0.000  Mcount_clk_divide_cy<3> (Mcount_clk_divide_cy<3>)
     MUXCY:CI->O           1   0.059   0.000  Mcount_clk_divide_cy<4> (Mcount_clk_divide_cy<4>)
     MUXCY:CI->O           1   0.059   0.000  Mcount_clk_divide_cy<5> (Mcount_clk_divide_cy<5>)
     MUXCY:CI->O           1   0.059   0.000  Mcount_clk_divide_cy<6> (Mcount_clk_divide_cy<6>)
     MUXCY:CI->O           1   0.059   0.000  Mcount_clk_divide_cy<7> (Mcount_clk_divide_cy<7>)
     MUXCY:CI->O           1   0.059   0.000  Mcount_clk_divide_cy<8> (Mcount_clk_divide_cy<8>)
     MUXCY:CI->O           1   0.059   0.000  Mcount_clk_divide_cy<9> (Mcount_clk_divide_cy<9>)
     MUXCY:CI->O           1   0.059   0.000  Mcount_clk_divide_cy<10> (Mcount_clk_divide_cy<10>)
     MUXCY:CI->O           1   0.059   0.000  Mcount_clk_divide_cy<11> (Mcount_clk_divide_cy<11>)
     MUXCY:CI->O           1   0.059   0.000  Mcount_clk_divide_cy<12> (Mcount_clk_divide_cy<12>)
     MUXCY:CI->O           1   0.059   0.000  Mcount_clk_divide_cy<13> (Mcount_clk_divide_cy<13>)
     MUXCY:CI->O           1   0.059   0.000  Mcount_clk_divide_cy<14> (Mcount_clk_divide_cy<14>)
     MUXCY:CI->O           1   0.059   0.000  Mcount_clk_divide_cy<15> (Mcount_clk_divide_cy<15>)
     MUXCY:CI->O           1   0.059   0.000  Mcount_clk_divide_cy<16> (Mcount_clk_divide_cy<16>)
     MUXCY:CI->O           1   0.059   0.000  Mcount_clk_divide_cy<17> (Mcount_clk_divide_cy<17>)
     MUXCY:CI->O           1   0.059   0.000  Mcount_clk_divide_cy<18> (Mcount_clk_divide_cy<18>)
     MUXCY:CI->O           1   0.059   0.000  Mcount_clk_divide_cy<19> (Mcount_clk_divide_cy<19>)
     MUXCY:CI->O           1   0.059   0.000  Mcount_clk_divide_cy<20> (Mcount_clk_divide_cy<20>)
     MUXCY:CI->O           1   0.059   0.000  Mcount_clk_divide_cy<21> (Mcount_clk_divide_cy<21>)
     MUXCY:CI->O           1   0.059   0.000  Mcount_clk_divide_cy<22> (Mcount_clk_divide_cy<22>)
     MUXCY:CI->O           1   0.059   0.000  Mcount_clk_divide_cy<23> (Mcount_clk_divide_cy<23>)
     MUXCY:CI->O           1   0.059   0.000  Mcount_clk_divide_cy<24> (Mcount_clk_divide_cy<24>)
     MUXCY:CI->O           0   0.059   0.000  Mcount_clk_divide_cy<25> (Mcount_clk_divide_cy<25>)
     XORCY:CI->O           1   0.804   0.000  Mcount_clk_divide_xor<26> (Result<26>)
     FD:D                      0.308          clk_divide_26
    ----------------------------------------
    Total                      4.882ns (4.287ns logic, 0.595ns route)
                                       (87.8% logic, 12.2% route)

=========================================================================
Timing constraint: Default period analysis for Clock 'clk_divide_26'
  Clock period: 2.656ns (frequency: 376.506MHz)
  Total number of paths / destination ports: 10 / 4
-------------------------------------------------------------------------
Delay:               2.656ns (Levels of Logic = 1)
  Source:            an_enable_0 (FF)
  Destination:       an_enable_0 (FF)
  Source Clock:      clk_divide_26 rising
  Destination Clock: clk_divide_26 rising

  Data Path: an_enable_0 to an_enable_0
                                Gate     Net
    Cell:in->out      fanout   Delay   Delay  Logical Name (Net Name)
    ----------------------------------------  ------------
     FDE:C->Q              5   0.591   0.633  an_enable_0 (an_enable_0)
     INV:I->O              1   0.704   0.420  Mcount_an_enable_xor<0>11_INV_0 (Result<0>1)
     FDE:D                     0.308          an_enable_0
    ----------------------------------------
    Total                      2.656ns (1.603ns logic, 1.053ns route)
                                       (60.4% logic, 39.6% route)

=========================================================================
Timing constraint: Default OFFSET IN BEFORE for Clock 'clk_divide_26'
  Total number of paths / destination ports: 4 / 4
-------------------------------------------------------------------------
Offset:              3.484ns (Levels of Logic = 2)
  Source:            btn (PAD)
  Destination:       an_enable_0 (FF)
  Destination Clock: clk_divide_26 rising

  Data Path: btn to an_enable_0
                                Gate     Net
    Cell:in->out      fanout   Delay   Delay  Logical Name (Net Name)
    ----------------------------------------  ------------
     IBUF:I->O             1   1.218   0.420  btn_IBUF (btn_IBUF)
     INV:I->O              4   0.704   0.587  btn_inv1_INV_0 (btn_inv)
     FDE:CE                    0.555          an_enable_0
    ----------------------------------------
    Total                      3.484ns (2.477ns logic, 1.007ns route)
                                       (71.1% logic, 28.9% route)

=========================================================================
Timing constraint: Default OFFSET OUT AFTER for Clock 'clk_divide_26'
  Total number of paths / destination ports: 4 / 4
-------------------------------------------------------------------------
Offset:              4.496ns (Levels of Logic = 1)
  Source:            an_enable_0 (FF)
  Destination:       an<0> (PAD)
  Source Clock:      clk_divide_26 rising

  Data Path: an_enable_0 to an<0>
                                Gate     Net
    Cell:in->out      fanout   Delay   Delay  Logical Name (Net Name)
    ----------------------------------------  ------------
     FDE:C->Q              5   0.591   0.633  an_enable_0 (an_enable_0)
     OBUF:I->O                 3.272          an_0_OBUF (an<0>)
    ----------------------------------------
    Total                      4.496ns (3.863ns logic, 0.633ns route)
                                       (85.9% logic, 14.1% route)

=========================================================================


Total REAL time to Xst completion: 3.00 secs
Total CPU time to Xst completion: 2.40 secs
 
--> 

Total memory usage is 192440 kilobytes

Number of errors   :    0 (   0 filtered)
Number of warnings :    0 (   0 filtered)
Number of infos    :    1 (   0 filtered)

