Copyright 1986-2015 Xilinx, Inc. All Rights Reserved.
----------------------------------------------------------------------------------------------
| Tool Version : Vivado v.2015.2 (win64) Build 1266856 Fri Jun 26 16:35:25 MDT 2015
| Date         : Thu Jul 09 23:16:52 2015
| Host         : Adnan-PC running 64-bit major release  (build 9200)
| Command      : report_control_sets -verbose -file Basys3_Abacus_Top_control_sets_placed.rpt
| Design       : Basys3_Abacus_Top
| Device       : xc7a35t
----------------------------------------------------------------------------------------------

Control Set Information

Table of Contents
-----------------
1. Summary
2. Flip-Flop Distribution
3. Detailed Control Set Information

1. Summary
----------

+-------------------------------------------------------------------+-------+
|                               Status                              | Count |
+-------------------------------------------------------------------+-------+
| Number of unique control sets                                     |   132 |
| Minimum Number of register sites lost to control set restrictions |   862 |
+-------------------------------------------------------------------+-------+


2. Flip-Flop Distribution
-------------------------

+--------------+-----------------------+------------------------+-----------------+--------------+
| Clock Enable | Synchronous Set/Reset | Asynchronous Set/Reset | Total Registers | Total Slices |
+--------------+-----------------------+------------------------+-----------------+--------------+
| No           | No                    | No                     |              85 |           42 |
| No           | No                    | Yes                    |             213 |          115 |
| No           | Yes                   | No                     |              40 |           40 |
| Yes          | No                    | No                     |              16 |            8 |
| Yes          | No                    | Yes                    |               0 |            0 |
| Yes          | Yes                   | No                     |               0 |            0 |
+--------------+-----------------------+------------------------+-----------------+--------------+


3. Detailed Control Set Information
-----------------------------------

+-------------------------------------+-------------------+------------------------------------+------------------+----------------+
|             Clock Signal            |   Enable Signal   |          Set/Reset Signal          | Slice Load Count | Bel Load Count |
+-------------------------------------+-------------------+------------------------------------+------------------+----------------+
|  clk_3_1                            |                   | u6/msg_array_reg[4]_LDC_i_2__1_n_0 |                1 |              1 |
|  u5/msg_array_reg[7]_LDC_i_1__0_n_0 |                   | u5/msg_array_reg[7]_LDC_i_2__0_n_0 |                1 |              1 |
|  u5/msg_array_reg[6]_LDC_i_1__0_n_0 |                   | u5/msg_array_reg[6]_LDC_i_2__0_n_0 |                1 |              1 |
|  u5/msg_array_reg[5]_LDC_i_1__0_n_0 |                   | u5/msg_array_reg[5]_LDC_i_2__0_n_0 |                1 |              1 |
|  u5/msg_array_reg[4]_LDC_i_1__0_n_0 |                   | u5/msg_array_reg[4]_LDC_i_2__0_n_0 |                1 |              1 |
|  u5/msg_array_reg[3]_LDC_i_1__0_n_0 |                   | u5/msg_array_reg[3]_LDC_i_2__0_n_0 |                1 |              1 |
|  clk_3_1                            |                   | u6/msg_array_reg[9]_LDC_i_2__1_n_0 |                1 |              1 |
|  clk_3_1                            |                   | u6/msg_array_reg[9]_LDC_i_1__1_n_0 |                1 |              1 |
|  clk_3_1                            |                   | u6/msg_array_reg[8]_LDC_i_2__1_n_0 |                1 |              1 |
|  clk_3_1                            |                   | u6/msg_array_reg[8]_LDC_i_1__1_n_0 |                1 |              1 |
|  clk_3_1                            |                   | u6/msg_array_reg[7]_LDC_i_2__1_n_0 |                1 |              1 |
|  clk_3_1                            |                   | u6/msg_array_reg[7]_LDC_i_1__1_n_0 |                1 |              1 |
|  clk_3_1                            |                   | u6/msg_array_reg[6]_LDC_i_2__1_n_0 |                1 |              1 |
|  clk_3_1                            |                   | u6/msg_array_reg[6]_LDC_i_1__1_n_0 |                1 |              1 |
|  clk_3_1                            |                   | u6/msg_array_reg[5]_LDC_i_2__1_n_0 |                1 |              1 |
|  clk_3_1                            |                   | u6/msg_array_reg[5]_LDC_i_1__1_n_0 |                1 |              1 |
|  clk_3_0                            |                   | u5/msg_array_reg[7]_LDC_i_1__0_n_0 |                1 |              1 |
|  clk_3_1                            |                   | u6/msg_array_reg[4]_LDC_i_1__1_n_0 |                1 |              1 |
|  clk_3_1                            |                   | u6/msg_array_reg[3]_LDC_i_2__1_n_0 |                1 |              1 |
|  clk_3_1                            |                   | u6/msg_array_reg[3]_LDC_i_1__1_n_0 |                1 |              1 |
|  clk_3_1                            |                   | u6/msg_array_reg[2]_LDC_i_2__1_n_0 |                1 |              1 |
|  clk_3_1                            |                   | u6/msg_array_reg[2]_LDC_i_1__1_n_0 |                1 |              1 |
|  clk_3_1                            |                   | u6/msg_array_reg[1]_LDC_i_2__1_n_0 |                1 |              1 |
|  clk_3_1                            |                   | u6/msg_array_reg[1]_LDC_i_1__1_n_0 |                1 |              1 |
|  clk_3_1                            |                   | u6/msg_array_reg[0]_LDC_i_2_n_0    |                1 |              1 |
|  clk_3_1                            |                   | u6/msg_array_reg[0]_LDC_i_1_n_0    |                1 |              1 |
|  u5/msg_array_reg[2]_LDC_i_1__0_n_0 |                   | u5/msg_array_reg[2]_LDC_i_2__0_n_0 |                1 |              1 |
|  clk_3_0                            |                   | u5/msg_array_reg[9]_LDC_i_2__0_n_0 |                1 |              1 |
|  clk_3_0                            |                   | u5/msg_array_reg[9]_LDC_i_1__0_n_0 |                1 |              1 |
|  clk_3_0                            |                   | u5/msg_array_reg[8]_LDC_i_2__0_n_0 |                1 |              1 |
|  clk_3_0                            |                   | u5/msg_array_reg[8]_LDC_i_1__0_n_0 |                1 |              1 |
|  clk_3_0                            |                   | u5/msg_array_reg[7]_LDC_i_2__0_n_0 |                1 |              1 |
|  u5/msg_array_reg[1]_LDC_i_1__0_n_0 |                   | u5/msg_array_reg[1]_LDC_i_2__0_n_0 |                1 |              1 |
|  clk_3_0                            |                   | u5/msg_array_reg[6]_LDC_i_2__0_n_0 |                1 |              1 |
|  clk_3_0                            |                   | u5/msg_array_reg[6]_LDC_i_1__0_n_0 |                1 |              1 |
|  clk_3_0                            |                   | u5/msg_array_reg[5]_LDC_i_2__0_n_0 |                1 |              1 |
|  clk_3_0                            |                   | u5/msg_array_reg[5]_LDC_i_1__0_n_0 |                1 |              1 |
|  clk_3_0                            |                   | u5/msg_array_reg[4]_LDC_i_2__0_n_0 |                1 |              1 |
|  clk_3_0                            |                   | u5/msg_array_reg[4]_LDC_i_1__0_n_0 |                1 |              1 |
|  clk_3_0                            |                   | u5/msg_array_reg[3]_LDC_i_2__0_n_0 |                1 |              1 |
|  clk_3_0                            |                   | u5/msg_array_reg[3]_LDC_i_1__0_n_0 |                1 |              1 |
|  clk_3_0                            |                   | u5/msg_array_reg[2]_LDC_i_2__0_n_0 |                1 |              1 |
|  clk_3_0                            |                   | u5/msg_array_reg[2]_LDC_i_1__0_n_0 |                1 |              1 |
|  clk_3_0                            |                   | u5/msg_array_reg[1]_LDC_i_2__0_n_0 |                1 |              1 |
|  clk_3_0                            |                   | u5/msg_array_reg[1]_LDC_i_1__0_n_0 |                1 |              1 |
|  clk_3_0                            |                   | u5/msg_array_reg[0]_LDC_i_2__0_n_0 |                1 |              1 |
|  clk_3_0                            |                   | u5/msg_array_reg[0]_LDC_i_1__0_n_0 |                1 |              1 |
|  u5/msg_array_reg[0]_LDC_i_1__0_n_0 |                   | u5/msg_array_reg[0]_LDC_i_2__0_n_0 |                1 |              1 |
|  clk_3                              |                   | u4/msg_array_reg[9]_LDC_i_2_n_0    |                1 |              1 |
|  clk_3                              |                   | u4/msg_array_reg[9]_LDC_i_1_n_0    |                1 |              1 |
|  clk_3                              |                   | u4/msg_array_reg[8]_LDC_i_2_n_0    |                1 |              1 |
|  clk_3                              |                   | u4/msg_array_reg[8]_LDC_i_1_n_0    |                1 |              1 |
|  clk_3                              |                   | u4/msg_array_reg[7]_LDC_i_2_n_0    |                1 |              1 |
|  clk_3                              |                   | u4/msg_array_reg[7]_LDC_i_1_n_0    |                1 |              1 |
|  clk_3                              |                   | u4/msg_array_reg[6]_LDC_i_2_n_0    |                1 |              1 |
|  clk_3                              |                   | u4/msg_array_reg[6]_LDC_i_1_n_0    |                1 |              1 |
|  clk_3                              |                   | u4/msg_array_reg[5]_LDC_i_2_n_0    |                1 |              1 |
|  clk_3                              |                   | u4/msg_array_reg[5]_LDC_i_1_n_0    |                1 |              1 |
|  clk_3                              |                   | u4/msg_array_reg[4]_LDC_i_2_n_0    |                1 |              1 |
|  clk_3                              |                   | u4/msg_array_reg[4]_LDC_i_1_n_0    |                1 |              1 |
|  clk_3                              |                   | u4/msg_array_reg[3]_LDC_i_2_n_0    |                1 |              1 |
|  clk_3                              |                   | u4/msg_array_reg[3]_LDC_i_1_n_0    |                1 |              1 |
|  clk_3                              |                   | u4/msg_array_reg[2]_LDC_i_2_n_0    |                1 |              1 |
|  clk_3                              |                   | u4/msg_array_reg[2]_LDC_i_1_n_0    |                1 |              1 |
|  clk_3                              |                   | u4/msg_array_reg[1]_LDC_i_2_n_0    |                1 |              1 |
|  clk_3                              |                   | u4/msg_array_reg[1]_LDC_i_1_n_0    |                1 |              1 |
|  clk_3                              |                   | u4/msg_array_reg[19]_LDC_i_2_n_0   |                1 |              1 |
|  clk_3                              |                   | u4/msg_array_reg[19]_LDC_i_1_n_0   |                1 |              1 |
|  clk_3                              |                   | u4/msg_array_reg[18]_LDC_i_2_n_0   |                1 |              1 |
|  clk_3                              |                   | u4/msg_array_reg[18]_LDC_i_1_n_0   |                1 |              1 |
|  clk_3                              |                   | u4/msg_array_reg[17]_LDC_i_2_n_0   |                1 |              1 |
|  clk_3                              |                   | u4/msg_array_reg[17]_LDC_i_1_n_0   |                1 |              1 |
|  clk_3                              |                   | u4/msg_array_reg[16]_LDC_i_2_n_0   |                1 |              1 |
|  clk_3                              |                   | u4/msg_array_reg[16]_LDC_i_1_n_0   |                1 |              1 |
|  clk_3                              |                   | u4/msg_array_reg[15]_LDC_i_2_n_0   |                1 |              1 |
|  clk_3                              |                   | u4/msg_array_reg[15]_LDC_i_1_n_0   |                1 |              1 |
|  clk_3                              |                   | u4/msg_array_reg[14]_LDC_i_2_n_0   |                1 |              1 |
|  clk_3                              |                   | u4/msg_array_reg[14]_LDC_i_1_n_0   |                1 |              1 |
|  clk_3                              |                   | u4/msg_array_reg[13]_LDC_i_2_n_0   |                1 |              1 |
|  clk_3                              |                   | u4/msg_array_reg[13]_LDC_i_1_n_0   |                1 |              1 |
|  clk_3                              |                   | u4/msg_array_reg[12]_LDC_i_2_n_0   |                1 |              1 |
|  clk_3                              |                   | u4/msg_array_reg[12]_LDC_i_1_n_0   |                1 |              1 |
|  clk_3                              |                   | u4/msg_array_reg[11]_LDC_i_2_n_0   |                1 |              1 |
|  clk_3                              |                   | u4/msg_array_reg[11]_LDC_i_1_n_0   |                1 |              1 |
|  clk_3                              |                   | u4/msg_array_reg[10]_LDC_i_2_n_0   |                1 |              1 |
|  clk_3                              |                   | u4/msg_array_reg[10]_LDC_i_1_n_0   |                1 |              1 |
|  clk_3                              |                   | u4/msg_array_reg[0]_LDC_i_2__1_n_0 |                1 |              1 |
|  clk_3                              |                   | u4/msg_array_reg[0]_LDC_i_1__1_n_0 |                1 |              1 |
|  u4/msg_array_reg[9]_LDC_i_1_n_0    |                   | u4/msg_array_reg[9]_LDC_i_2_n_0    |                1 |              1 |
|  u4/msg_array_reg[8]_LDC_i_1_n_0    |                   | u4/msg_array_reg[8]_LDC_i_2_n_0    |                1 |              1 |
|  u4/msg_array_reg[7]_LDC_i_1_n_0    |                   | u4/msg_array_reg[7]_LDC_i_2_n_0    |                1 |              1 |
|  u4/msg_array_reg[6]_LDC_i_1_n_0    |                   | u4/msg_array_reg[6]_LDC_i_2_n_0    |                1 |              1 |
|  u4/msg_array_reg[5]_LDC_i_1_n_0    |                   | u4/msg_array_reg[5]_LDC_i_2_n_0    |                1 |              1 |
|  u4/msg_array_reg[4]_LDC_i_1_n_0    |                   | u4/msg_array_reg[4]_LDC_i_2_n_0    |                1 |              1 |
|  u4/msg_array_reg[3]_LDC_i_1_n_0    |                   | u4/msg_array_reg[3]_LDC_i_2_n_0    |                1 |              1 |
|  u4/msg_array_reg[2]_LDC_i_1_n_0    |                   | u4/msg_array_reg[2]_LDC_i_2_n_0    |                1 |              1 |
|  u4/msg_array_reg[1]_LDC_i_1_n_0    |                   | u4/msg_array_reg[1]_LDC_i_2_n_0    |                1 |              1 |
|  u4/msg_array_reg[19]_LDC_i_1_n_0   |                   | u4/msg_array_reg[19]_LDC_i_2_n_0   |                1 |              1 |
|  u4/msg_array_reg[18]_LDC_i_1_n_0   |                   | u4/msg_array_reg[18]_LDC_i_2_n_0   |                1 |              1 |
|  u4/msg_array_reg[17]_LDC_i_1_n_0   |                   | u4/msg_array_reg[17]_LDC_i_2_n_0   |                1 |              1 |
|  u4/msg_array_reg[16]_LDC_i_1_n_0   |                   | u4/msg_array_reg[16]_LDC_i_2_n_0   |                1 |              1 |
|  u4/msg_array_reg[15]_LDC_i_1_n_0   |                   | u4/msg_array_reg[15]_LDC_i_2_n_0   |                1 |              1 |
|  u4/msg_array_reg[14]_LDC_i_1_n_0   |                   | u4/msg_array_reg[14]_LDC_i_2_n_0   |                1 |              1 |
|  u4/msg_array_reg[13]_LDC_i_1_n_0   |                   | u4/msg_array_reg[13]_LDC_i_2_n_0   |                1 |              1 |
|  u4/msg_array_reg[12]_LDC_i_1_n_0   |                   | u4/msg_array_reg[12]_LDC_i_2_n_0   |                1 |              1 |
|  u4/msg_array_reg[11]_LDC_i_1_n_0   |                   | u4/msg_array_reg[11]_LDC_i_2_n_0   |                1 |              1 |
|  u4/msg_array_reg[10]_LDC_i_1_n_0   |                   | u4/msg_array_reg[10]_LDC_i_2_n_0   |                1 |              1 |
|  u4/msg_array_reg[0]_LDC_i_1__1_n_0 |                   | u4/msg_array_reg[0]_LDC_i_2__1_n_0 |                1 |              1 |
|  u6/msg_array_reg[9]_LDC_i_1__1_n_0 |                   | u6/msg_array_reg[9]_LDC_i_2__1_n_0 |                1 |              1 |
|  u6/msg_array_reg[8]_LDC_i_1__1_n_0 |                   | u6/msg_array_reg[8]_LDC_i_2__1_n_0 |                1 |              1 |
|  u6/msg_array_reg[7]_LDC_i_1__1_n_0 |                   | u6/msg_array_reg[7]_LDC_i_2__1_n_0 |                1 |              1 |
|  u6/msg_array_reg[6]_LDC_i_1__1_n_0 |                   | u6/msg_array_reg[6]_LDC_i_2__1_n_0 |                1 |              1 |
|  u6/msg_array_reg[5]_LDC_i_1__1_n_0 |                   | u6/msg_array_reg[5]_LDC_i_2__1_n_0 |                1 |              1 |
|  u6/msg_array_reg[4]_LDC_i_1__1_n_0 |                   | u6/msg_array_reg[4]_LDC_i_2__1_n_0 |                1 |              1 |
|  u6/msg_array_reg[3]_LDC_i_1__1_n_0 |                   | u6/msg_array_reg[3]_LDC_i_2__1_n_0 |                1 |              1 |
|  u6/msg_array_reg[2]_LDC_i_1__1_n_0 |                   | u6/msg_array_reg[2]_LDC_i_2__1_n_0 |                1 |              1 |
|  u6/msg_array_reg[1]_LDC_i_1__1_n_0 |                   | u6/msg_array_reg[1]_LDC_i_2__1_n_0 |                1 |              1 |
|  u6/msg_array_reg[0]_LDC_i_1_n_0    |                   | u6/msg_array_reg[0]_LDC_i_2_n_0    |                1 |              1 |
|  u5/msg_array_reg[9]_LDC_i_1__0_n_0 |                   | u5/msg_array_reg[9]_LDC_i_2__0_n_0 |                1 |              1 |
|  u5/msg_array_reg[8]_LDC_i_1__0_n_0 |                   | u5/msg_array_reg[8]_LDC_i_2__0_n_0 |                1 |              1 |
|  clk_3                              |                   | u4/clr_seg                         |                2 |              4 |
|  clk_IBUF_BUFG                      | btnU_IBUF         |                                    |                4 |              8 |
|  clk_IBUF_BUFG                      | u8/sum[7]_i_1_n_0 |                                    |                4 |              8 |
|  B2_reg[7]_i_1_n_0                  |                   |                                    |                4 |              8 |
|  B1_reg[7]_i_1_n_0                  |                   |                                    |                3 |              8 |
|  clk_3_1                            |                   | u5/clr_seg_DIV                     |                4 |             14 |
|  clk_3_0                            |                   | u5/clr_seg_DIV                     |                3 |             14 |
|  B_reg[15]_i_2_n_0                  |                   |                                    |               10 |             16 |
|  clk_IBUF_BUFG                      |                   | btnC_IBUF                          |                5 |             20 |
|  clk_IBUF_BUFG                      |                   | u4/clr_seg                         |                7 |             27 |
|  clk_IBUF_BUFG                      |                   |                                    |               25 |             53 |
|  clk_IBUF_BUFG                      |                   | u5/clr_seg_DIV                     |               14 |             54 |
+-------------------------------------+-------------------+------------------------------------+------------------+----------------+


